[[1;34mINFO[m] Scanning for projects...
[[1;34mINFO[m] 
[[1;34mINFO[m] [1m----< [0;36morg.apache.hadoop:hadoop-yarn-applications-distributedshell[0;1m >-----[m
[[1;34mINFO[m] [1mBuilding Apache Hadoop YARN DistributedShell 3.2.1[m
[[1;34mINFO[m] [1m--------------------------------[ jar ]---------------------------------[m
Downloading from apache.snapshots.https: https://repository.apache.org/content/repositories/snapshots/org/apache/hadoop/hadoop-yarn-server-timeline-pluginstorage/3.2.1/hadoop-yarn-server-timeline-pluginstorage-3.2.1.pom
Downloading from repository.jboss.org: https://repository.jboss.org/nexus/content/groups/public/org/apache/hadoop/hadoop-yarn-server-timeline-pluginstorage/3.2.1/hadoop-yarn-server-timeline-pluginstorage-3.2.1.pom
Downloading from central: https://repo.maven.apache.org/maven2/org/apache/hadoop/hadoop-yarn-server-timeline-pluginstorage/3.2.1/hadoop-yarn-server-timeline-pluginstorage-3.2.1.pom
Progress (1): 2.2/4.9 kBProgress (1): 4.9 kB                        Downloaded from central: https://repo.maven.apache.org/maven2/org/apache/hadoop/hadoop-yarn-server-timeline-pluginstorage/3.2.1/hadoop-yarn-server-timeline-pluginstorage-3.2.1.pom (4.9 kB at 24 kB/s)
Downloading from apache.snapshots.https: https://repository.apache.org/content/repositories/snapshots/org/apache/hadoop/hadoop-yarn-server-timelineservice/3.2.1/hadoop-yarn-server-timelineservice-3.2.1-tests.jar
Downloading from apache.snapshots.https: https://repository.apache.org/content/repositories/snapshots/org/apache/hadoop/hadoop-yarn-server-timeline-pluginstorage/3.2.1/hadoop-yarn-server-timeline-pluginstorage-3.2.1.jar
Downloading from apache.snapshots.https: https://repository.apache.org/content/repositories/snapshots/org/apache/hadoop/hadoop-yarn-server-timeline-pluginstorage/3.2.1/hadoop-yarn-server-timeline-pluginstorage-3.2.1-tests.jar
Downloading from repository.jboss.org: https://repository.jboss.org/nexus/content/groups/public/org/apache/hadoop/hadoop-yarn-server-timelineservice/3.2.1/hadoop-yarn-server-timelineservice-3.2.1-tests.jar
Downloading from repository.jboss.org: https://repository.jboss.org/nexus/content/groups/public/org/apache/hadoop/hadoop-yarn-server-timeline-pluginstorage/3.2.1/hadoop-yarn-server-timeline-pluginstorage-3.2.1.jar
Downloading from repository.jboss.org: https://repository.jboss.org/nexus/content/groups/public/org/apache/hadoop/hadoop-yarn-server-timeline-pluginstorage/3.2.1/hadoop-yarn-server-timeline-pluginstorage-3.2.1-tests.jar
Downloading from central: https://repo.maven.apache.org/maven2/org/apache/hadoop/hadoop-yarn-server-timelineservice/3.2.1/hadoop-yarn-server-timelineservice-3.2.1-tests.jar
Downloading from central: https://repo.maven.apache.org/maven2/org/apache/hadoop/hadoop-yarn-server-timeline-pluginstorage/3.2.1/hadoop-yarn-server-timeline-pluginstorage-3.2.1.jar
Downloading from central: https://repo.maven.apache.org/maven2/org/apache/hadoop/hadoop-yarn-server-timeline-pluginstorage/3.2.1/hadoop-yarn-server-timeline-pluginstorage-3.2.1-tests.jar
Progress (1): 2.2/146 kBProgress (1): 5.0/146 kBProgress (1): 7.7/146 kBProgress (1): 10/146 kB Progress (1): 13/146 kBProgress (1): 16/146 kBProgress (1): 19/146 kBProgress (1): 21/146 kBProgress (1): 24/146 kBProgress (1): 27/146 kBProgress (1): 30/146 kBProgress (1): 32/146 kBProgress (1): 36/146 kBProgress (1): 40/146 kBProgress (1): 45/146 kBProgress (1): 49/146 kBProgress (1): 53/146 kBProgress (1): 57/146 kBProgress (1): 61/146 kBProgress (1): 65/146 kBProgress (1): 69/146 kBProgress (1): 73/146 kBProgress (1): 77/146 kBProgress (1): 81/146 kBProgress (1): 85/146 kBProgress (1): 90/146 kBProgress (1): 94/146 kBProgress (1): 98/146 kBProgress (1): 102/146 kBProgress (1): 106/146 kBProgress (1): 110/146 kBProgress (2): 110/146 kB | 2.2/70 kBProgress (2): 114/146 kB | 2.2/70 kBProgress (2): 114/146 kB | 5.0/70 kBProgress (2): 114/146 kB | 7.7/70 kBProgress (2): 114/146 kB | 10/70 kB Progress (2): 118/146 kB | 10/70 kBProgress (2): 122/146 kB | 10/70 kBProgress (2): 126/146 kB | 10/70 kBProgress (2): 131/146 kB | 10/70 kBProgress (2): 135/146 kB | 10/70 kBProgress (2): 139/146 kB | 10/70 kBProgress (2): 143/146 kB | 10/70 kBProgress (2): 146 kB | 10/70 kB    Progress (3): 146 kB | 10/70 kB | 2.2/94 kBProgress (3): 146 kB | 10/70 kB | 5.0/94 kBProgress (3): 146 kB | 10/70 kB | 7.7/94 kBProgress (3): 146 kB | 13/70 kB | 7.7/94 kBProgress (3): 146 kB | 16/70 kB | 7.7/94 kBProgress (3): 146 kB | 19/70 kB | 7.7/94 kBProgress (3): 146 kB | 21/70 kB | 7.7/94 kBProgress (3): 146 kB | 24/70 kB | 7.7/94 kBProgress (3): 146 kB | 27/70 kB | 7.7/94 kBProgress (3): 146 kB | 30/70 kB | 7.7/94 kBProgress (3): 146 kB | 32/70 kB | 7.7/94 kBProgress (3): 146 kB | 32/70 kB | 10/94 kB Progress (3): 146 kB | 32/70 kB | 13/94 kBProgress (3): 146 kB | 32/70 kB | 16/94 kBProgress (3): 146 kB | 32/70 kB | 19/94 kBProgress (3): 146 kB | 32/70 kB | 21/94 kB                                          Downloaded from central: https://repo.maven.apache.org/maven2/org/apache/hadoop/hadoop-yarn-server-timelineservice/3.2.1/hadoop-yarn-server-timelineservice-3.2.1-tests.jar (146 kB at 1.2 MB/s)
Progress (2): 32/70 kB | 24/94 kBProgress (2): 32/70 kB | 27/94 kBProgress (2): 32/70 kB | 30/94 kBProgress (2): 32/70 kB | 32/94 kBProgress (2): 36/70 kB | 32/94 kBProgress (2): 40/70 kB | 32/94 kBProgress (2): 45/70 kB | 32/94 kBProgress (2): 49/70 kB | 32/94 kBProgress (2): 53/70 kB | 32/94 kBProgress (2): 57/70 kB | 32/94 kBProgress (2): 61/70 kB | 32/94 kBProgress (2): 65/70 kB | 32/94 kBProgress (2): 69/70 kB | 32/94 kBProgress (2): 70 kB | 32/94 kB   Progress (2): 70 kB | 36/94 kBProgress (2): 70 kB | 40/94 kBProgress (2): 70 kB | 45/94 kBProgress (2): 70 kB | 49/94 kBProgress (2): 70 kB | 53/94 kBProgress (2): 70 kB | 57/94 kBProgress (2): 70 kB | 61/94 kBProgress (2): 70 kB | 65/94 kBProgress (2): 70 kB | 69/94 kBProgress (2): 70 kB | 73/94 kBProgress (2): 70 kB | 77/94 kBProgress (2): 70 kB | 81/94 kBProgress (2): 70 kB | 85/94 kBProgress (2): 70 kB | 90/94 kBProgress (2): 70 kB | 94 kB                              Downloaded from central: https://repo.maven.apache.org/maven2/org/apache/hadoop/hadoop-yarn-server-timeline-pluginstorage/3.2.1/hadoop-yarn-server-timeline-pluginstorage-3.2.1-tests.jar (70 kB at 406 kB/s)
Downloaded from central: https://repo.maven.apache.org/maven2/org/apache/hadoop/hadoop-yarn-server-timeline-pluginstorage/3.2.1/hadoop-yarn-server-timeline-pluginstorage-3.2.1.jar (94 kB at 470 kB/s)
[[1;34mINFO[m] 
[[1;34mINFO[m] [1m--- [0;32mmaven-antrun-plugin:1.7:run[m [1m(create-testdirs)[m @ [36mhadoop-yarn-applications-distributedshell[0;1m ---[m
[[1;34mINFO[m] Executing tasks

main:
[[1;34mINFO[m] Executed tasks
[[1;34mINFO[m] 
[[1;34mINFO[m] [1m--- [0;32mmaven-resources-plugin:2.6:resources[m [1m(default-resources)[m @ [36mhadoop-yarn-applications-distributedshell[0;1m ---[m
[[1;34mINFO[m] Using 'UTF-8' encoding to copy filtered resources.
[[1;34mINFO[m] skip non existing resourceDirectory /root/hadoop-3.2.1-src/hadoop-yarn-project/hadoop-yarn/hadoop-yarn-applications/hadoop-yarn-applications-distributedshell/src/main/resources
[[1;34mINFO[m] 
[[1;34mINFO[m] [1m--- [0;32mmaven-compiler-plugin:3.1:compile[m [1m(default-compile)[m @ [36mhadoop-yarn-applications-distributedshell[0;1m ---[m
[[1;34mINFO[m] Compiling 1 source file to /root/hadoop-3.2.1-src/hadoop-yarn-project/hadoop-yarn/hadoop-yarn-applications/hadoop-yarn-applications-distributedshell/target/classes
[[1;34mINFO[m] 
[[1;34mINFO[m] [1m--- [0;32mmaven-resources-plugin:2.6:testResources[m [1m(default-testResources)[m @ [36mhadoop-yarn-applications-distributedshell[0;1m ---[m
[[1;34mINFO[m] Using 'UTF-8' encoding to copy filtered resources.
[[1;34mINFO[m] Copying 2 resources
[[1;34mINFO[m] 
[[1;34mINFO[m] [1m--- [0;32mmaven-compiler-plugin:3.1:testCompile[m [1m(default-testCompile)[m @ [36mhadoop-yarn-applications-distributedshell[0;1m ---[m
[[1;34mINFO[m] Nothing to compile - all classes are up to date
[[1;34mINFO[m] 
[[1;34mINFO[m] [1m--- [0;32mmaven-jar-plugin:2.5:jar[m [1m(default)[m @ [36mhadoop-yarn-applications-distributedshell[0;1m ---[m
[[1;34mINFO[m] 
[[1;34mINFO[m] [1m--- [0;32mmaven-surefire-plugin:3.0.0-M1:test[m [1m(default-test)[m @ [36mhadoop-yarn-applications-distributedshell[0;1m ---[m
[[1;34mINFO[m] 
[[1;34mINFO[m] -------------------------------------------------------
[[1;34mINFO[m]  T E S T S
[[1;34mINFO[m] -------------------------------------------------------
[[1;34mINFO[m] Running org.apache.hadoop.yarn.applications.distributedshell.[1mTestDistributedShell[m
[[1;34mINFO[m] Running org.apache.hadoop.yarn.applications.distributedshell.[1mTestDSWithMultipleNodeManager[m
[[1;34mINFO[m] [1;32mTests run: [0;1;32m3[m, Failures: 0, Errors: 0, Skipped: 0, Time elapsed: 166.796 s - in org.apache.hadoop.yarn.applications.distributedshell.[1mTestDSWithMultipleNodeManager[m
[[1;34mINFO[m] Running org.apache.hadoop.yarn.applications.distributedshell.[1mTestDSAppMaster[m
[[1;34mINFO[m] [1;32mTests run: [0;1;32m5[m, Failures: 0, Errors: 0, Skipped: 0, Time elapsed: 1.42 s - in org.apache.hadoop.yarn.applications.distributedshell.[1mTestDSAppMaster[m
[[1;34mINFO[m] 
[[1;34mINFO[m] Results:
[[1;34mINFO[m] 
[[1;34mINFO[m] [1;32mTests run: 8, Failures: 0, Errors: 0, Skipped: 0[m
[[1;34mINFO[m] 
[[1;34mINFO[m] [1m------------------------------------------------------------------------[m
[[1;34mINFO[m] [1;31mBUILD FAILURE[m
[[1;34mINFO[m] [1m------------------------------------------------------------------------[m
[[1;34mINFO[m] Total time:  17:56 min
[[1;34mINFO[m] Finished at: 2020-04-08T08:08:09Z
[[1;34mINFO[m] [1m------------------------------------------------------------------------[m
[[1;31mERROR[m] Failed to execute goal [32morg.apache.maven.plugins:maven-surefire-plugin:3.0.0-M1:test[m [1m(default-test)[m on project [36mhadoop-yarn-applications-distributedshell[m: [1;31mThere was a timeout or other error in the fork[m -> [1m[Help 1][m
[[1;31mERROR[m] 
[[1;31mERROR[m] To see the full stack trace of the errors, re-run Maven with the [1m-e[m switch.
[[1;31mERROR[m] Re-run Maven using the [1m-X[m switch to enable full debug logging.
[[1;31mERROR[m] 
[[1;31mERROR[m] For more information about the errors and possible solutions, please read the following articles:
[[1;31mERROR[m] [1m[Help 1][m http://cwiki.apache.org/confluence/display/MAVEN/MojoFailureException
