[[1;34mINFO[m] Scanning for projects...
[[1;34mINFO[m] 
[[1;34mINFO[m] [1m----------------< [0;36morg.apache.hadoop:hadoop-hdfs-httpfs[0;1m >----------------[m
[[1;34mINFO[m] [1mBuilding Apache Hadoop HttpFS 3.2.1[m
[[1;34mINFO[m] [1m--------------------------------[ jar ]---------------------------------[m
Downloading from apache.snapshots.https: https://repository.apache.org/content/repositories/snapshots/org/apache/hadoop/hadoop-auth/3.2.1/hadoop-auth-3.2.1-tests.jar
Downloading from repository.jboss.org: https://repository.jboss.org/nexus/content/groups/public/org/apache/hadoop/hadoop-auth/3.2.1/hadoop-auth-3.2.1-tests.jar
Downloading from central: https://repo.maven.apache.org/maven2/org/apache/hadoop/hadoop-auth/3.2.1/hadoop-auth-3.2.1-tests.jar
Progress (1): 2.2/146 kBProgress (1): 5.0/146 kBProgress (1): 7.7/146 kBProgress (1): 10/146 kB Progress (1): 13/146 kBProgress (1): 16/146 kBProgress (1): 19/146 kBProgress (1): 21/146 kBProgress (1): 24/146 kBProgress (1): 27/146 kBProgress (1): 30/146 kBProgress (1): 32/146 kBProgress (1): 36/146 kBProgress (1): 40/146 kBProgress (1): 45/146 kBProgress (1): 49/146 kBProgress (1): 53/146 kBProgress (1): 57/146 kBProgress (1): 61/146 kBProgress (1): 65/146 kBProgress (1): 69/146 kBProgress (1): 73/146 kBProgress (1): 77/146 kBProgress (1): 81/146 kBProgress (1): 85/146 kBProgress (1): 90/146 kBProgress (1): 94/146 kBProgress (1): 98/146 kBProgress (1): 102/146 kBProgress (1): 106/146 kBProgress (1): 110/146 kBProgress (1): 114/146 kBProgress (1): 118/146 kBProgress (1): 122/146 kBProgress (1): 126/146 kBProgress (1): 131/146 kBProgress (1): 135/146 kBProgress (1): 139/146 kBProgress (1): 143/146 kBProgress (1): 146 kB                        Downloaded from central: https://repo.maven.apache.org/maven2/org/apache/hadoop/hadoop-auth/3.2.1/hadoop-auth-3.2.1-tests.jar (146 kB at 679 kB/s)
[[1;34mINFO[m] 
[[1;34mINFO[m] [1m--- [0;32mmaven-antrun-plugin:1.7:run[m [1m(create-testdirs)[m @ [36mhadoop-hdfs-httpfs[0;1m ---[m
[[1;34mINFO[m] Executing tasks

main:
[[1;34mINFO[m] Executed tasks
[[1;34mINFO[m] 
[[1;34mINFO[m] [1m--- [0;32mmaven-resources-plugin:2.6:resources[m [1m(default-resources)[m @ [36mhadoop-hdfs-httpfs[0;1m ---[m
[[1;34mINFO[m] Using 'UTF-8' encoding to copy filtered resources.
[[1;34mINFO[m] Copying 1 resource
[[1;34mINFO[m] Copying 4 resources
[[1;34mINFO[m] 
[[1;34mINFO[m] [1m--- [0;32mmaven-compiler-plugin:3.1:compile[m [1m(default-compile)[m @ [36mhadoop-hdfs-httpfs[0;1m ---[m
[[1;34mINFO[m] Nothing to compile - all classes are up to date
[[1;34mINFO[m] 
[[1;34mINFO[m] [1m--- [0;32mmaven-antrun-plugin:1.7:run[m [1m(create-web-xmls)[m @ [36mhadoop-hdfs-httpfs[0;1m ---[m
[[1;34mINFO[m] Executing tasks

main:
[[1;34mINFO[m] Executed tasks
[[1;34mINFO[m] 
[[1;34mINFO[m] [1m--- [0;32mmaven-resources-plugin:2.6:testResources[m [1m(default-testResources)[m @ [36mhadoop-hdfs-httpfs[0;1m ---[m
[[1;34mINFO[m] Using 'UTF-8' encoding to copy filtered resources.
[[1;34mINFO[m] Copying 9 resources
[[1;34mINFO[m] Copying 1 resource
[[1;34mINFO[m] 
[[1;34mINFO[m] [1m--- [0;32mmaven-compiler-plugin:3.1:testCompile[m [1m(default-testCompile)[m @ [36mhadoop-hdfs-httpfs[0;1m ---[m
[[1;34mINFO[m] Nothing to compile - all classes are up to date
[[1;34mINFO[m] 
[[1;34mINFO[m] [1m--- [0;32mmaven-surefire-plugin:3.0.0-M1:test[m [1m(default-test)[m @ [36mhadoop-hdfs-httpfs[0;1m ---[m
[[1;34mINFO[m] 
[[1;34mINFO[m] -------------------------------------------------------
[[1;34mINFO[m]  T E S T S
[[1;34mINFO[m] -------------------------------------------------------
[[1;34mINFO[m] Running org.apache.hadoop.lib.server.[1mTestServerConstructor[m
[[1;34mINFO[m] [1;32mTests run: [0;1;32m15[m, Failures: 0, Errors: 0, Skipped: 0, Time elapsed: 0.108 s - in org.apache.hadoop.lib.server.[1mTestServerConstructor[m
[[1;34mINFO[m] Running org.apache.hadoop.lib.server.[1mTestServer[m
[[1;34mINFO[m] [1;32mTests run: [0;1;32m30[m, Failures: 0, Errors: 0, Skipped: 0, Time elapsed: 0.308 s - in org.apache.hadoop.lib.server.[1mTestServer[m
[[1;34mINFO[m] Running org.apache.hadoop.lib.server.[1mTestBaseService[m
[[1;34mINFO[m] [1;32mTests run: [0;1;32m1[m, Failures: 0, Errors: 0, Skipped: 0, Time elapsed: 0.214 s - in org.apache.hadoop.lib.server.[1mTestBaseService[m
[[1;34mINFO[m] Running org.apache.hadoop.lib.servlet.[1mTestHostnameFilter[m
[[1;34mINFO[m] [1;32mTests run: [0;1;32m2[m, Failures: 0, Errors: 0, Skipped: 0, Time elapsed: 0.192 s - in org.apache.hadoop.lib.servlet.[1mTestHostnameFilter[m
[[1;34mINFO[m] Running org.apache.hadoop.lib.servlet.[1mTestServerWebApp[m
[[1;34mINFO[m] [1;32mTests run: [0;1;32m5[m, Failures: 0, Errors: 0, Skipped: 0, Time elapsed: 0.192 s - in org.apache.hadoop.lib.servlet.[1mTestServerWebApp[m
[[1;34mINFO[m] Running org.apache.hadoop.lib.servlet.[1mTestMDCFilter[m
[[1;34mINFO[m] [1;32mTests run: [0;1;32m1[m, Failures: 0, Errors: 0, Skipped: 0, Time elapsed: 0.193 s - in org.apache.hadoop.lib.servlet.[1mTestMDCFilter[m
[[1;34mINFO[m] Running org.apache.hadoop.lib.service.instrumentation.[1mTestInstrumentationService[m
[[1;34mINFO[m] [1;32mTests run: [0;1;32m6[m, Failures: 0, Errors: 0, Skipped: 0, Time elapsed: 4.6 s - in org.apache.hadoop.lib.service.instrumentation.[1mTestInstrumentationService[m
[[1;34mINFO[m] Running org.apache.hadoop.lib.service.security.[1mTestGroupsService[m
[[1;34mINFO[m] [1;32mTests run: [0;1;32m2[m, Failures: 0, Errors: 0, Skipped: 0, Time elapsed: 0.264 s - in org.apache.hadoop.lib.service.security.[1mTestGroupsService[m
[[1;34mINFO[m] Running org.apache.hadoop.lib.service.scheduler.[1mTestSchedulerService[m
[[1;34mINFO[m] [1;32mTests run: [0;1;32m1[m, Failures: 0, Errors: 0, Skipped: 0, Time elapsed: 0.183 s - in org.apache.hadoop.lib.service.scheduler.[1mTestSchedulerService[m
[[1;34mINFO[m] Running org.apache.hadoop.lib.service.hadoop.[1mTestFileSystemAccessService[m
[[1;34mINFO[m] [1;32mTests run: [0;1;32m14[m, Failures: 0, Errors: 0, Skipped: 0, Time elapsed: 19.402 s - in org.apache.hadoop.lib.service.hadoop.[1mTestFileSystemAccessService[m
[[1;34mINFO[m] Running org.apache.hadoop.lib.util.[1mTestConfigurationUtils[m
[[1;34mINFO[m] [1;32mTests run: [0;1;32m6[m, Failures: 0, Errors: 0, Skipped: 0, Time elapsed: 0.136 s - in org.apache.hadoop.lib.util.[1mTestConfigurationUtils[m
[[1;34mINFO[m] Running org.apache.hadoop.lib.util.[1mTestCheck[m
[[1;34mINFO[m] [1;32mTests run: [0;1;32m21[m, Failures: 0, Errors: 0, Skipped: 0, Time elapsed: 0.078 s - in org.apache.hadoop.lib.util.[1mTestCheck[m
[[1;34mINFO[m] Running org.apache.hadoop.lib.wsrs.[1mTestInputStreamEntity[m
[[1;34mINFO[m] [1;32mTests run: [0;1;32m1[m, Failures: 0, Errors: 0, Skipped: 0, Time elapsed: 0.071 s - in org.apache.hadoop.lib.wsrs.[1mTestInputStreamEntity[m
[[1;34mINFO[m] Running org.apache.hadoop.lib.wsrs.[1mTestParam[m
[[1;34mINFO[m] [1;32mTests run: [0;1;32m8[m, Failures: 0, Errors: 0, Skipped: 0, Time elapsed: 0.102 s - in org.apache.hadoop.lib.wsrs.[1mTestParam[m
[[1;34mINFO[m] Running org.apache.hadoop.lib.wsrs.[1mTestJSONMapProvider[m
[[1;34mINFO[m] [1;32mTests run: [0;1;32m1[m, Failures: 0, Errors: 0, Skipped: 0, Time elapsed: 0.04 s - in org.apache.hadoop.lib.wsrs.[1mTestJSONMapProvider[m
[[1;34mINFO[m] Running org.apache.hadoop.lib.wsrs.[1mTestJSONProvider[m
[[1;34mINFO[m] [1;32mTests run: [0;1;32m1[m, Failures: 0, Errors: 0, Skipped: 0, Time elapsed: 0.047 s - in org.apache.hadoop.lib.wsrs.[1mTestJSONProvider[m
[[1;34mINFO[m] Running org.apache.hadoop.lib.lang.[1mTestRunnableCallable[m
[[1;34mINFO[m] [1;32mTests run: [0;1;32m3[m, Failures: 0, Errors: 0, Skipped: 0, Time elapsed: 0.052 s - in org.apache.hadoop.lib.lang.[1mTestRunnableCallable[m
[[1;34mINFO[m] Running org.apache.hadoop.lib.lang.[1mTestXException[m
[[1;34mINFO[m] [1;32mTests run: [0;1;32m1[m, Failures: 0, Errors: 0, Skipped: 0, Time elapsed: 0.065 s - in org.apache.hadoop.lib.lang.[1mTestXException[m
[[1;34mINFO[m] Running org.apache.hadoop.fs.http.server.[1mTestHttpFSServer[m
[[1;34mINFO[m] [1;32mTests run: [0;1;32m27[m, Failures: 0, Errors: 0, Skipped: 0, Time elapsed: 16.607 s - in org.apache.hadoop.fs.http.server.[1mTestHttpFSServer[m
[[1;34mINFO[m] Running org.apache.hadoop.fs.http.server.[1mTestHttpFSServerWebServer[m
[[1;34mINFO[m] [1;32mTests run: [0;1;32m4[m, Failures: 0, Errors: 0, Skipped: 0, Time elapsed: 2.369 s - in org.apache.hadoop.fs.http.server.[1mTestHttpFSServerWebServer[m
[[1;34mINFO[m] Running org.apache.hadoop.fs.http.server.[1mTestCheckUploadContentTypeFilter[m
[[1;34mINFO[m] [1;32mTests run: [0;1;32m6[m, Failures: 0, Errors: 0, Skipped: 0, Time elapsed: 0.246 s - in org.apache.hadoop.fs.http.server.[1mTestCheckUploadContentTypeFilter[m
[[1;34mINFO[m] Running org.apache.hadoop.fs.http.server.[1mTestHttpFSServerNoACLs[m
[[1;34mINFO[m] [1;32mTests run: [0;1;32m1[m, Failures: 0, Errors: 0, Skipped: 0, Time elapsed: 6.168 s - in org.apache.hadoop.fs.http.server.[1mTestHttpFSServerNoACLs[m
[[1;34mINFO[m] Running org.apache.hadoop.fs.http.server.[1mTestHttpFSServerNoXAttrs[m
[[1;34mINFO[m] [1;32mTests run: [0;1;32m1[m, Failures: 0, Errors: 0, Skipped: 0, Time elapsed: 6.001 s - in org.apache.hadoop.fs.http.server.[1mTestHttpFSServerNoXAttrs[m
[[1;34mINFO[m] Running org.apache.hadoop.fs.http.client.[1mTestHttpFSFileSystemLocalFileSystem[m
[[1;33mWARNING[m] [1;33mTests [0;1mrun: [0;1m76[m, Failures: 0, Errors: 0, [1;33mSkipped: [0;1;33m6[m, Time elapsed: 21.715 s - in org.apache.hadoop.fs.http.client.[1mTestHttpFSFileSystemLocalFileSystem[m
[[1;34mINFO[m] Running org.apache.hadoop.fs.http.client.[1mTestHttpFSFWithSWebhdfsFileSystem[m
[[1;31mERROR[m] [1;31mTests [0;1mrun: [0;1m76[m, Failures: 0, [1;31mErrors: [0;1;31m2[m, Skipped: 0, Time elapsed: 35.39 s[1;31m <<< FAILURE![m - in org.apache.hadoop.fs.http.client.[1mTestHttpFSFWithSWebhdfsFileSystem[m
[[1;31mERROR[m] testOperation[0](org.apache.hadoop.fs.http.client.TestHttpFSFWithSWebhdfsFileSystem)  Time elapsed: 7.342 s  <<< ERROR!
java.net.BindException: Address already in use
	at sun.nio.ch.Net.bind0(Native Method)
	at sun.nio.ch.Net.bind(Net.java:433)
	at sun.nio.ch.Net.bind(Net.java:425)
	at sun.nio.ch.ServerSocketChannelImpl.bind(ServerSocketChannelImpl.java:220)
	at sun.nio.ch.ServerSocketAdaptor.bind(ServerSocketAdaptor.java:85)
	at org.eclipse.jetty.server.ServerConnector.openAcceptChannel(ServerConnector.java:351)
	at org.eclipse.jetty.server.ServerConnector.open(ServerConnector.java:319)
	at org.eclipse.jetty.server.AbstractNetworkConnector.doStart(AbstractNetworkConnector.java:80)
	at org.eclipse.jetty.server.ServerConnector.doStart(ServerConnector.java:235)
	at org.eclipse.jetty.util.component.AbstractLifeCycle.start(AbstractLifeCycle.java:68)
	at org.eclipse.jetty.server.Server.doStart(Server.java:406)
	at org.eclipse.jetty.util.component.AbstractLifeCycle.start(AbstractLifeCycle.java:68)
	at org.apache.hadoop.fs.http.client.BaseTestHttpFSWith.createHttpFSServer(BaseTestHttpFSWith.java:146)
	at org.apache.hadoop.fs.http.client.BaseTestHttpFSWith.testOperation(BaseTestHttpFSWith.java:1277)
	at sun.reflect.NativeMethodAccessorImpl.invoke0(Native Method)
	at sun.reflect.NativeMethodAccessorImpl.invoke(NativeMethodAccessorImpl.java:62)
	at sun.reflect.DelegatingMethodAccessorImpl.invoke(DelegatingMethodAccessorImpl.java:43)
	at java.lang.reflect.Method.invoke(Method.java:498)
	at org.junit.runners.model.FrameworkMethod$1.runReflectiveCall(FrameworkMethod.java:47)
	at org.junit.internal.runners.model.ReflectiveCallable.run(ReflectiveCallable.java:12)
	at org.junit.runners.model.FrameworkMethod.invokeExplosively(FrameworkMethod.java:44)
	at org.junit.internal.runners.statements.InvokeMethod.evaluate(InvokeMethod.java:17)
	at org.apache.hadoop.test.TestHdfsHelper$HdfsStatement.evaluate(TestHdfsHelper.java:82)
	at org.apache.hadoop.test.TestDirHelper$1.evaluate(TestDirHelper.java:106)
	at org.apache.hadoop.test.TestDirHelper$1.evaluate(TestDirHelper.java:106)
	at org.apache.hadoop.test.TestJettyHelper$1.evaluate(TestJettyHelper.java:74)
	at org.apache.hadoop.test.TestExceptionHelper$1.evaluate(TestExceptionHelper.java:42)
	at org.junit.runners.ParentRunner.runLeaf(ParentRunner.java:271)
	at org.junit.runners.BlockJUnit4ClassRunner.runChild(BlockJUnit4ClassRunner.java:70)
	at org.junit.runners.BlockJUnit4ClassRunner.runChild(BlockJUnit4ClassRunner.java:50)
	at org.junit.runners.ParentRunner$3.run(ParentRunner.java:238)
	at org.junit.runners.ParentRunner$1.schedule(ParentRunner.java:63)
	at org.junit.runners.ParentRunner.runChildren(ParentRunner.java:236)
	at org.junit.runners.ParentRunner.access$000(ParentRunner.java:53)
	at org.junit.runners.ParentRunner$2.evaluate(ParentRunner.java:229)
	at org.junit.runners.ParentRunner.run(ParentRunner.java:309)
	at org.junit.runners.Suite.runChild(Suite.java:127)
	at org.junit.runners.Suite.runChild(Suite.java:26)
	at org.junit.runners.ParentRunner$3.run(ParentRunner.java:238)
	at org.junit.runners.ParentRunner$1.schedule(ParentRunner.java:63)
	at org.junit.runners.ParentRunner.runChildren(ParentRunner.java:236)
	at org.junit.runners.ParentRunner.access$000(ParentRunner.java:53)
	at org.junit.runners.ParentRunner$2.evaluate(ParentRunner.java:229)
	at org.junit.internal.runners.statements.RunAfters.evaluate(RunAfters.java:27)
	at org.junit.runners.ParentRunner.run(ParentRunner.java:309)
	at org.apache.maven.surefire.junit4.JUnit4Provider.execute(JUnit4Provider.java:365)
	at org.apache.maven.surefire.junit4.JUnit4Provider.executeWithRerun(JUnit4Provider.java:273)
	at org.apache.maven.surefire.junit4.JUnit4Provider.executeTestSet(JUnit4Provider.java:238)
	at org.apache.maven.surefire.junit4.JUnit4Provider.invoke(JUnit4Provider.java:159)
	at org.apache.maven.surefire.booter.ForkedBooter.invokeProviderInSameClassLoader(ForkedBooter.java:384)
	at org.apache.maven.surefire.booter.ForkedBooter.runSuitesInProcess(ForkedBooter.java:345)
	at org.apache.maven.surefire.booter.ForkedBooter.execute(ForkedBooter.java:126)
	at org.apache.maven.surefire.booter.ForkedBooter.main(ForkedBooter.java:418)

[[1;31mERROR[m] testOperationDoAs[0](org.apache.hadoop.fs.http.client.TestHttpFSFWithSWebhdfsFileSystem)  Time elapsed: 0.077 s  <<< ERROR!
java.lang.RuntimeException: Could not stop embedded servlet container, Server is not running
	at org.apache.hadoop.test.TestJettyHelper$1.evaluate(TestJettyHelper.java:81)
	at org.apache.hadoop.test.TestExceptionHelper$1.evaluate(TestExceptionHelper.java:42)
	at org.junit.runners.ParentRunner.runLeaf(ParentRunner.java:271)
	at org.junit.runners.BlockJUnit4ClassRunner.runChild(BlockJUnit4ClassRunner.java:70)
	at org.junit.runners.BlockJUnit4ClassRunner.runChild(BlockJUnit4ClassRunner.java:50)
	at org.junit.runners.ParentRunner$3.run(ParentRunner.java:238)
	at org.junit.runners.ParentRunner$1.schedule(ParentRunner.java:63)
	at org.junit.runners.ParentRunner.runChildren(ParentRunner.java:236)
	at org.junit.runners.ParentRunner.access$000(ParentRunner.java:53)
	at org.junit.runners.ParentRunner$2.evaluate(ParentRunner.java:229)
	at org.junit.runners.ParentRunner.run(ParentRunner.java:309)
	at org.junit.runners.Suite.runChild(Suite.java:127)
	at org.junit.runners.Suite.runChild(Suite.java:26)
	at org.junit.runners.ParentRunner$3.run(ParentRunner.java:238)
	at org.junit.runners.ParentRunner$1.schedule(ParentRunner.java:63)
	at org.junit.runners.ParentRunner.runChildren(ParentRunner.java:236)
	at org.junit.runners.ParentRunner.access$000(ParentRunner.java:53)
	at org.junit.runners.ParentRunner$2.evaluate(ParentRunner.java:229)
	at org.junit.internal.runners.statements.RunAfters.evaluate(RunAfters.java:27)
	at org.junit.runners.ParentRunner.run(ParentRunner.java:309)
	at org.apache.maven.surefire.junit4.JUnit4Provider.execute(JUnit4Provider.java:365)
	at org.apache.maven.surefire.junit4.JUnit4Provider.executeWithRerun(JUnit4Provider.java:273)
	at org.apache.maven.surefire.junit4.JUnit4Provider.executeTestSet(JUnit4Provider.java:238)
	at org.apache.maven.surefire.junit4.JUnit4Provider.invoke(JUnit4Provider.java:159)
	at org.apache.maven.surefire.booter.ForkedBooter.invokeProviderInSameClassLoader(ForkedBooter.java:384)
	at org.apache.maven.surefire.booter.ForkedBooter.runSuitesInProcess(ForkedBooter.java:345)
	at org.apache.maven.surefire.booter.ForkedBooter.execute(ForkedBooter.java:126)
	at org.apache.maven.surefire.booter.ForkedBooter.main(ForkedBooter.java:418)
Caused by: java.lang.IllegalStateException: Server is not running
	at org.apache.hadoop.lib.server.Server.ensureOperational(Server.java:296)
	at org.apache.hadoop.lib.server.Server.destroy(Server.java:631)
	at org.apache.hadoop.fs.http.server.HttpFSServerWebApp.destroy(HttpFSServerWebApp.java:113)
	at org.apache.hadoop.lib.servlet.ServerWebApp.contextDestroyed(ServerWebApp.java:208)
	at org.eclipse.jetty.server.handler.ContextHandler.callContextDestroyed(ContextHandler.java:851)
	at org.eclipse.jetty.servlet.ServletContextHandler.callContextDestroyed(ServletContextHandler.java:546)
	at org.eclipse.jetty.server.handler.ContextHandler.stopContext(ContextHandler.java:832)
	at org.eclipse.jetty.servlet.ServletContextHandler.stopContext(ServletContextHandler.java:356)
	at org.eclipse.jetty.webapp.WebAppContext.stopWebapp(WebAppContext.java:1412)
	at org.eclipse.jetty.webapp.WebAppContext.stopContext(WebAppContext.java:1376)
	at org.eclipse.jetty.server.handler.ContextHandler.doStop(ContextHandler.java:880)
	at org.eclipse.jetty.servlet.ServletContextHandler.doStop(ServletContextHandler.java:272)
	at org.eclipse.jetty.webapp.WebAppContext.doStop(WebAppContext.java:546)
	at org.eclipse.jetty.util.component.AbstractLifeCycle.stop(AbstractLifeCycle.java:89)
	at org.eclipse.jetty.util.component.ContainerLifeCycle.stop(ContainerLifeCycle.java:142)
	at org.eclipse.jetty.util.component.ContainerLifeCycle.doStop(ContainerLifeCycle.java:160)
	at org.eclipse.jetty.server.handler.AbstractHandler.doStop(AbstractHandler.java:73)
	at org.eclipse.jetty.server.Server.doStop(Server.java:498)
	at org.eclipse.jetty.util.component.AbstractLifeCycle.stop(AbstractLifeCycle.java:89)
	at org.apache.hadoop.test.TestJettyHelper$1.evaluate(TestJettyHelper.java:79)
	... 27 more

[[1;34mINFO[m] Running org.apache.hadoop.fs.http.client.[1mTestHttpFSFWithWebhdfsFileSystem[m
[[1;34mINFO[m] [1;32mTests run: [0;1;32m76[m, Failures: 0, Errors: 0, Skipped: 0, Time elapsed: 30.123 s - in org.apache.hadoop.fs.http.client.[1mTestHttpFSFWithWebhdfsFileSystem[m
[[1;34mINFO[m] Running org.apache.hadoop.fs.http.client.[1mTestHttpFSWithHttpFSFileSystem[m
[[1;34mINFO[m] [1;32mTests run: [0;1;32m76[m, Failures: 0, Errors: 0, Skipped: 0, Time elapsed: 31.673 s - in org.apache.hadoop.fs.http.client.[1mTestHttpFSWithHttpFSFileSystem[m
[[1;34mINFO[m] Running org.apache.hadoop.test.[1mTestHTestCase[m
[[1;34mINFO[m] [1;32mTests run: [0;1;32m12[m, Failures: 0, Errors: 0, Skipped: 0, Time elapsed: 1.233 s - in org.apache.hadoop.test.[1mTestHTestCase[m
[[1;34mINFO[m] Running org.apache.hadoop.test.[1mTestDirHelper[m
[[1;34mINFO[m] [1;32mTests run: [0;1;32m1[m, Failures: 0, Errors: 0, Skipped: 0, Time elapsed: 0.04 s - in org.apache.hadoop.test.[1mTestDirHelper[m
[[1;34mINFO[m] Running org.apache.hadoop.test.[1mTestHdfsHelper[m
[[1;34mINFO[m] [1;32mTests run: [0;1;32m1[m, Failures: 0, Errors: 0, Skipped: 0, Time elapsed: 0.093 s - in org.apache.hadoop.test.[1mTestHdfsHelper[m
[[1;34mINFO[m] Running org.apache.hadoop.test.[1mTestHFSTestCase[m
[[1;34mINFO[m] [1;32mTests run: [0;1;32m15[m, Failures: 0, Errors: 0, Skipped: 0, Time elapsed: 8.49 s - in org.apache.hadoop.test.[1mTestHFSTestCase[m
[[1;34mINFO[m] Running org.apache.hadoop.test.[1mTestExceptionHelper[m
[[1;34mINFO[m] [1;32mTests run: [0;1;32m1[m, Failures: 0, Errors: 0, Skipped: 0, Time elapsed: 0.042 s - in org.apache.hadoop.test.[1mTestExceptionHelper[m
[[1;34mINFO[m] 
[[1;34mINFO[m] Results:
[[1;34mINFO[m] 
[[1;31mERROR[m] [1;31mErrors: [m
[[1;31mERROR[m] [1;31m  TestHttpFSFWithSWebhdfsFileSystem.testOperationDoAs[0] ? Runtime Could not sto...[m
[[1;31mERROR[m] [1;31m  TestHttpFSFWithSWebhdfsFileSystem>BaseTestHttpFSWith.testOperation:1277->BaseTestHttpFSWith.createHttpFSServer:146 ? Bind[m
[[1;34mINFO[m] 
[[1;31mERROR[m] [1;31mTests run: 492, Failures: 0, Errors: 2, Skipped: 6[m
[[1;34mINFO[m] 
[[1;34mINFO[m] [1m------------------------------------------------------------------------[m
[[1;34mINFO[m] [1;31mBUILD FAILURE[m
[[1;34mINFO[m] [1m------------------------------------------------------------------------[m
[[1;34mINFO[m] Total time:  03:33 min
[[1;34mINFO[m] Finished at: 2020-04-08T07:15:12Z
[[1;34mINFO[m] [1m------------------------------------------------------------------------[m
[[1;31mERROR[m] Failed to execute goal [32morg.apache.maven.plugins:maven-surefire-plugin:3.0.0-M1:test[m [1m(default-test)[m on project [36mhadoop-hdfs-httpfs[m: [1;31mThere are test failures.[m
[[1;31mERROR[m] [1;31m[m
[[1;31mERROR[m] [1;31mPlease refer to /root/hadoop-3.2.1-src/hadoop-hdfs-project/hadoop-hdfs-httpfs/target/surefire-reports for the individual test results.[m
[[1;31mERROR[m] [1;31mPlease refer to dump files (if any exist) [date].dump, [date]-jvmRun[N].dump and [date].dumpstream.[m
[[1;31mERROR[m] -> [1m[Help 1][m
[[1;31mERROR[m] 
[[1;31mERROR[m] To see the full stack trace of the errors, re-run Maven with the [1m-e[m switch.
[[1;31mERROR[m] Re-run Maven using the [1m-X[m switch to enable full debug logging.
[[1;31mERROR[m] 
[[1;31mERROR[m] For more information about the errors and possible solutions, please read the following articles:
[[1;31mERROR[m] [1m[Help 1][m http://cwiki.apache.org/confluence/display/MAVEN/MojoFailureException
